<?xml version="1.0" encoding="UTF-8" ?>
<testsuite errors="0" failures="0" hostname="Milos-MacBook-Pro.local" name="CodingChallenge.CodingChallenge01" skipped="0" tests="1" time="15.006" timestamp="2017-10-13T20:46:58">
  <properties>
    <property name="java.vendor" value="Oracle Corporation" />
    <property name="sun.java.launcher" value="SUN_STANDARD" />
    <property name="env.XPC_SERVICE_NAME" value="org.eclipse.platform.ide.2112" />
    <property name="eclipse.pdebuild.templates" value="/Users/miloonken/eclipse/java-mars/Eclipse.app/Contents/MacOS/../../../../../.p2/pool/plugins/org.eclipse.pde.build_3.9.100.v20150521-1524/templates//" />
    <property name="sun.management.compiler" value="HotSpot 64-Bit Tiered Compilers" />
    <property name="os.name" value="Mac OS X" />
    <property name="sun.boot.class.path" value="/Library/Java/JavaVirtualMachines/jdk1.8.0_65.jdk/Contents/Home/jre/lib/resources.jar:/Library/Java/JavaVirtualMachines/jdk1.8.0_65.jdk/Contents/Home/jre/lib/rt.jar:/Library/Java/JavaVirtualMachines/jdk1.8.0_65.jdk/Contents/Home/jre/lib/sunrsasign.jar:/Library/Java/JavaVirtualMachines/jdk1.8.0_65.jdk/Contents/Home/jre/lib/jsse.jar:/Library/Java/JavaVirtualMachines/jdk1.8.0_65.jdk/Contents/Home/jre/lib/jce.jar:/Library/Java/JavaVirtualMachines/jdk1.8.0_65.jdk/Contents/Home/jre/lib/charsets.jar:/Library/Java/JavaVirtualMachines/jdk1.8.0_65.jdk/Contents/Home/jre/lib/jfr.jar:/Library/Java/JavaVirtualMachines/jdk1.8.0_65.jdk/Contents/Home/jre/classes" />
    <property name="env.TMPDIR" value="/var/folders/8q/vvxz_q1d0v7c9g18whkld6bm0000gn/T/" />
    <property name="ant.file.type.MavenJavaProject" value="file" />
    <property name="java.vm.specification.vendor" value="Oracle Corporation" />
    <property name="ant.home" value="/Users/miloonken/.p2/pool/plugins/org.apache.ant_1.9.6.v201510161327" />
    <property name="java.runtime.version" value="1.8.0_65-b17" />
    <property name="env.Apple_PubSub_Socket_Render" value="/private/tmp/com.apple.launchd.BoazdBijOt/Render" />
    <property name="user.name" value="miloonken" />
    <property name="env.USER" value="miloonken" />
    <property name="env.SHELL" value="/bin/bash" />
    <property name="env.__CF_USER_TEXT_ENCODING" value="0x1F5:0x0:0x0" />
    <property name="env.PATH" value="/usr/bin:/bin:/usr/sbin:/sbin" />
    <property name="user.language" value="en" />
    <property name="sun.boot.library.path" value="/Library/Java/JavaVirtualMachines/jdk1.8.0_65.jdk/Contents/Home/jre/lib" />
    <property name="env.APP_ICON_29772" value="../Resources/Eclipse.icns" />
    <property name="ant.project.default-target" value="build" />
    <property name="env.XPC_FLAGS" value="0x0" />
    <property name="ant.project.name" value="MavenJavaProject" />
    <property name="java.version" value="1.8.0_65" />
    <property name="user.timezone" value="" />
    <property name="env.JAVA_STARTED_ON_FIRST_THREAD_29772" value="1" />
    <property name="env.JAVA_STARTED_ON_FIRST_THREAD_30450" value="1" />
    <property name="sun.arch.data.model" value="64" />
    <property name="http.nonProxyHosts" value="local|*.local|169.254/16|*.169.254/16" />
    <property name="java.endorsed.dirs" value="/Library/Java/JavaVirtualMachines/jdk1.8.0_65.jdk/Contents/Home/jre/lib/endorsed" />
    <property name="sun.cpu.isalist" value="" />
    <property name="sun.jnu.encoding" value="UTF-8" />
    <property name="file.encoding.pkg" value="sun.io" />
    <property name="ECLIPSE_HOME" value="../../../eclipse/java-mars/Eclipse.app/Contents/MacOS/" />
    <property name="file.separator" value="/" />
    <property name="java.specification.name" value="Java Platform API Specification" />
    <property name="java.class.version" value="52.0" />
    <property name="user.country" value="US" />
    <property name="java.home" value="/Library/Java/JavaVirtualMachines/jdk1.8.0_65.jdk/Contents/Home/jre" />
    <property name="java.vm.info" value="mixed mode" />
    <property name="env.LOGNAME" value="miloonken" />
    <property name="ant.file" value="/Users/miloonken/selenium/MavenJavaProject/MavenJavaProject/build.xml" />
    <property name="os.version" value="10.13" />
    <property name="path.separator" value=":" />
    <property name="java.vm.version" value="25.65-b01" />
    <property name="ant.library.dir" value="/Users/miloonken/.p2/pool/plugins/org.apache.ant_1.9.6.v201510161327/lib" />
    <property name="env.JAVA_MAIN_CLASS_30450" value="org.eclipse.ant.internal.launching.remote.InternalAntRunner" />
    <property name="junit.output.dir" value="junit" />
    <property name="java.awt.printerjob" value="sun.lwawt.macosx.CPrinterJob" />
    <property name="sun.io.unicode.encoding" value="UnicodeBig" />
    <property name="awt.toolkit" value="sun.lwawt.macosx.LWCToolkit" />
    <property name="socksNonProxyHosts" value="local|*.local|169.254/16|*.169.254/16" />
    <property name="ftp.nonProxyHosts" value="local|*.local|169.254/16|*.169.254/16" />
    <property name="eclipse.pdebuild.scripts" value="/Users/miloonken/eclipse/java-mars/Eclipse.app/Contents/MacOS/../../../../../.p2/pool/plugins/org.eclipse.pde.build_3.9.100.v20150521-1524/scripts//" />
    <property name="user.home" value="/Users/miloonken" />
    <property name="target" value="1.8" />
    <property name="java.specification.vendor" value="Oracle Corporation" />
    <property name="java.library.path" value="/Users/miloonken/Library/Java/Extensions:/Library/Java/Extensions:/Network/Library/Java/Extensions:/System/Library/Java/Extensions:/usr/lib/java:." />
    <property name="java.vendor.url" value="http://java.oracle.com/" />
    <property name="java.vm.vendor" value="Oracle Corporation" />
    <property name="gopherProxySet" value="false" />
    <property name="java.runtime.name" value="Java(TM) SE Runtime Environment" />
    <property name="sun.java.command" value="org.apache.tools.ant.taskdefs.optional.junit.JUnitTestRunner CodingChallenge.CodingChallenge01 skipNonTests=false filtertrace=true haltOnError=false haltOnFailure=false formatter=org.apache.tools.ant.taskdefs.optional.junit.OutErrSummaryJUnitResultFormatter showoutput=false outputtoformatters=true logfailedtests=true threadid=0 logtestlistenerevents=false formatter=org.apache.tools.ant.taskdefs.optional.junit.XMLJUnitResultFormatter,/Users/miloonken/selenium/MavenJavaProject/MavenJavaProject/junit/TEST-CodingChallenge.CodingChallenge01.xml crashfile=/Users/miloonken/selenium/MavenJavaProject/MavenJavaProject/junitvmwatcher4307104090853580581.properties propsfile=/Users/miloonken/selenium/MavenJavaProject/MavenJavaProject/junit6587765422936801390.properties" />
    <property name="java.class.path" value="/Users/miloonken/selenium/MavenJavaProject/MavenJavaProject/target/classes:/Users/miloonken/.m2/repository/junit/junit/4.11/junit-4.11.jar:/Users/miloonken/.m2/repository/org/hamcrest/hamcrest-core/1.3/hamcrest-core-1.3.jar:/Users/miloonken/.m2/repository/org/apache/maven/surefire/surefire-api/2.19.1/surefire-api-2.19.1.jar:/Users/miloonken/.m2/repository/org/seleniumhq/selenium/selenium-java/2.45.0/selenium-java-2.45.0.jar:/Users/miloonken/.m2/repository/org/seleniumhq/selenium/selenium-chrome-driver/2.45.0/selenium-chrome-driver-2.45.0.jar:/Users/miloonken/.m2/repository/org/seleniumhq/selenium/selenium-htmlunit-driver/2.45.0/selenium-htmlunit-driver-2.45.0.jar:/Users/miloonken/.m2/repository/net/sourceforge/htmlunit/htmlunit/2.15/htmlunit-2.15.jar:/Users/miloonken/.m2/repository/xalan/xalan/2.7.1/xalan-2.7.1.jar:/Users/miloonken/.m2/repository/xalan/serializer/2.7.1/serializer-2.7.1.jar:/Users/miloonken/.m2/repository/xml-apis/xml-apis/1.3.04/xml-apis-1.3.04.jar:/Users/miloonken/.m2/repository/commons-collections/commons-collections/3.2.1/commons-collections-3.2.1.jar:/Users/miloonken/.m2/repository/org/apache/httpcomponents/httpmime/4.3.3/httpmime-4.3.3.jar:/Users/miloonken/.m2/repository/net/sourceforge/htmlunit/htmlunit-core-js/2.15/htmlunit-core-js-2.15.jar:/Users/miloonken/.m2/repository/net/sourceforge/nekohtml/nekohtml/1.9.21/nekohtml-1.9.21.jar:/Users/miloonken/.m2/repository/net/sourceforge/cssparser/cssparser/0.9.14/cssparser-0.9.14.jar:/Users/miloonken/.m2/repository/org/w3c/css/sac/1.3/sac-1.3.jar:/Users/miloonken/.m2/repository/commons-logging/commons-logging/1.1.3/commons-logging-1.1.3.jar:/Users/miloonken/.m2/repository/org/eclipse/jetty/jetty-websocket/8.1.15.v20140411/jetty-websocket-8.1.15.v20140411.jar:/Users/miloonken/.m2/repository/org/eclipse/jetty/jetty-util/8.1.15.v20140411/jetty-util-8.1.15.v20140411.jar:/Users/miloonken/.m2/repository/org/eclipse/jetty/jetty-io/8.1.15.v20140411/jetty-io-8.1.15.v20140411.jar:/Users/miloonken/.m2/repository/org/eclipse/jetty/jetty-http/8.1.15.v20140411/jetty-http-8.1.15.v20140411.jar:/Users/miloonken/.m2/repository/org/apache/httpcomponents/httpclient/4.3.6/httpclient-4.3.6.jar:/Users/miloonken/.m2/repository/org/apache/httpcomponents/httpcore/4.3.3/httpcore-4.3.3.jar:/Users/miloonken/.m2/repository/org/seleniumhq/selenium/selenium-ie-driver/2.45.0/selenium-ie-driver-2.45.0.jar:/Users/miloonken/.m2/repository/net/java/dev/jna/jna/3.4.0/jna-3.4.0.jar:/Users/miloonken/.m2/repository/net/java/dev/jna/platform/3.4.0/platform-3.4.0.jar:/Users/miloonken/.m2/repository/org/seleniumhq/selenium/selenium-safari-driver/2.45.0/selenium-safari-driver-2.45.0.jar:/Users/miloonken/.m2/repository/org/seleniumhq/selenium/selenium-support/2.45.0/selenium-support-2.45.0.jar:/Users/miloonken/.m2/repository/org/webbitserver/webbit/0.4.14/webbit-0.4.14.jar:/Users/miloonken/.m2/repository/io/netty/netty/3.5.2.Final/netty-3.5.2.Final.jar:/Users/miloonken/.m2/repository/org/seleniumhq/selenium/selenium-leg-rc/2.45.0/selenium-leg-rc-2.45.0.jar:/Users/miloonken/.m2/repository/log4j/log4j/1.2.17/log4j-1.2.17.jar:/Users/miloonken/.m2/repository/org/apache/xmlbeans/xmlbeans/2.6.0/xmlbeans-2.6.0.jar:/Users/miloonken/.m2/repository/stax/stax-api/1.0.1/stax-api-1.0.1.jar:/Users/miloonken/.m2/repository/org/apache/poi/poi/3.13/poi-3.13.jar:/Users/miloonken/.m2/repository/commons-codec/commons-codec/1.9/commons-codec-1.9.jar:/Users/miloonken/.m2/repository/org/slf4j/slf4j-log4j12/1.7.13/slf4j-log4j12-1.7.13.jar:/Users/miloonken/.m2/repository/org/slf4j/slf4j-api/1.7.13/slf4j-api-1.7.13.jar:/Users/miloonken/.m2/repository/org/hamcrest/hamcrest-all/1.3/hamcrest-all-1.3.jar:/Users/miloonken/.m2/repository/mysql/mysql-connector-java/5.1.38/mysql-connector-java-5.1.38.jar:/Users/miloonken/.m2/repository/org/testng/testng/6.8/testng-6.8.jar:/Users/miloonken/.m2/repository/org/beanshell/bsh/2.0b4/bsh-2.0b4.jar:/Users/miloonken/.m2/repository/com/beust/jcommander/1.27/jcommander-1.27.jar:/Users/miloonken/.m2/repository/org/yaml/snakeyaml/1.6/snakeyaml-1.6.jar:/Users/miloonken/.m2/repository/org/easytesting/fest-assert/1.4/fest-assert-1.4.jar:/Users/miloonken/.m2/repository/org/easytesting/fest-util/1.1.6/fest-util-1.1.6.jar:/Users/miloonken/.m2/repository/org/hamcrest/hamcrest-library/1.3/hamcrest-library-1.3.jar:/Users/miloonken/.m2/repository/org/apache/maven/plugins/maven-surefire-plugin/2.17/maven-surefire-plugin-2.17.jar:/Users/miloonken/.m2/repository/org/apache/maven/maven-plugin-api/2.0.9/maven-plugin-api-2.0.9.jar:/Users/miloonken/.m2/repository/org/apache/maven/surefire/maven-surefire-common/2.17/maven-surefire-common-2.17.jar:/Users/miloonken/.m2/repository/org/apache/maven/surefire/surefire-booter/2.17/surefire-booter-2.17.jar:/Users/miloonken/.m2/repository/org/apache/maven/maven-artifact/2.0.9/maven-artifact-2.0.9.jar:/Users/miloonken/.m2/repository/org/codehaus/plexus/plexus-utils/1.5.1/plexus-utils-1.5.1.jar:/Users/miloonken/.m2/repository/org/apache/maven/maven-plugin-descriptor/2.0.9/maven-plugin-descriptor-2.0.9.jar:/Users/miloonken/.m2/repository/org/codehaus/plexus/plexus-container-default/1.0-alpha-9-stable-1/plexus-container-default-1.0-alpha-9-stable-1.jar:/Users/miloonken/.m2/repository/org/apache/maven/maven-project/2.0.9/maven-project-2.0.9.jar:/Users/miloonken/.m2/repository/org/apache/maven/maven-settings/2.0.9/maven-settings-2.0.9.jar:/Users/miloonken/.m2/repository/org/apache/maven/maven-profile/2.0.9/maven-profile-2.0.9.jar:/Users/miloonken/.m2/repository/org/apache/maven/maven-artifact-manager/2.0.9/maven-artifact-manager-2.0.9.jar:/Users/miloonken/.m2/repository/org/apache/maven/maven-plugin-registry/2.0.9/maven-plugin-registry-2.0.9.jar:/Users/miloonken/.m2/repository/org/apache/maven/maven-model/2.0.9/maven-model-2.0.9.jar:/Users/miloonken/.m2/repository/org/apache/maven/maven-core/2.0.9/maven-core-2.0.9.jar:/Users/miloonken/.m2/repository/org/apache/maven/maven-plugin-parameter-documenter/2.0.9/maven-plugin-parameter-documenter-2.0.9.jar:/Users/miloonken/.m2/repository/org/apache/maven/reporting/maven-reporting-api/2.0.9/maven-reporting-api-2.0.9.jar:/Users/miloonken/.m2/repository/org/apache/maven/wagon/wagon-provider-api/1.0-beta-2/wagon-provider-api-1.0-beta-2.jar:/Users/miloonken/.m2/repository/org/apache/maven/maven-repository-metadata/2.0.9/maven-repository-metadata-2.0.9.jar:/Users/miloonken/.m2/repository/org/apache/maven/maven-error-diagnostics/2.0.9/maven-error-diagnostics-2.0.9.jar:/Users/miloonken/.m2/repository/org/apache/maven/maven-monitor/2.0.9/maven-monitor-2.0.9.jar:/Users/miloonken/.m2/repository/classworlds/classworlds/1.1/classworlds-1.1.jar:/Users/miloonken/.m2/repository/org/apache/maven/maven-toolchain/2.0.9/maven-toolchain-2.0.9.jar:/Users/miloonken/.m2/repository/org/apache/maven/plugin-tools/maven-plugin-annotations/3.2/maven-plugin-annotations-3.2.jar:/Users/miloonken/.m2/repository/net/sourceforge/jtds/jtds/1.3.1/jtds-1.3.1.jar:/Users/miloonken/.m2/repository/org/apache/logging/log4j/log4j-core/2.5/log4j-core-2.5.jar:/Users/miloonken/.m2/repository/org/apache/logging/log4j/log4j-api/2.5/log4j-api-2.5.jar:/Users/miloonken/.m2/repository/org/apache/ant/ant-junit/1.9.2/ant-junit-1.9.2.jar:/Users/miloonken/.m2/repository/org/apache/ant/ant/1.9.2/ant-1.9.2.jar:/Users/miloonken/.m2/repository/org/apache/ant/ant-launcher/1.9.2/ant-launcher-1.9.2.jar:/Users/miloonken/.m2/repository/org/apache/ant/ant-apache-log4j/1.9.2/ant-apache-log4j-1.9.2.jar:/Users/miloonken/.m2/repository/org/seleniumhq/selenium/selenium-server/2.53.0/selenium-server-2.53.0.jar:/Users/miloonken/.m2/repository/org/bouncycastle/bcprov-jdk15on/1.48/bcprov-jdk15on-1.48.jar:/Users/miloonken/.m2/repository/org/bouncycastle/bcpkix-jdk15on/1.48/bcpkix-jdk15on-1.48.jar:/Users/miloonken/.m2/repository/mx4j/mx4j-tools/3.0.1/mx4j-tools-3.0.1.jar:/Users/miloonken/.m2/repository/org/seleniumhq/selenium/jetty-repacked/9.2.13.v20150730/jetty-repacked-9.2.13.v20150730.jar:/Users/miloonken/.m2/repository/javax/servlet/javax.servlet-api/3.1.0/javax.servlet-api-3.1.0.jar:/Users/miloonken/.m2/repository/org/seleniumhq/selenium/jetty-rc-repacked/5/jetty-rc-repacked-5.jar:/Users/miloonken/.m2/repository/net/jcip/jcip-annotations/1.0/jcip-annotations-1.0.jar:/Users/miloonken/.m2/repository/org/seleniumhq/selenium/selenium-firefox-driver/2.45.0/selenium-firefox-driver-2.45.0.jar:/Users/miloonken/.m2/repository/org/seleniumhq/selenium/selenium-remote-driver/2.45.0/selenium-remote-driver-2.45.0.jar:/Users/miloonken/.m2/repository/cglib/cglib-nodep/2.1_3/cglib-nodep-2.1_3.jar:/Users/miloonken/.m2/repository/com/google/code/gson/gson/2.3.1/gson-2.3.1.jar:/Users/miloonken/.m2/repository/org/seleniumhq/selenium/selenium-api/2.45.0/selenium-api-2.45.0.jar:/Users/miloonken/.m2/repository/com/google/guava/guava/18.0/guava-18.0.jar:/Users/miloonken/.m2/repository/commons-io/commons-io/2.4/commons-io-2.4.jar:/Users/miloonken/.m2/repository/org/apache/commons/commons-exec/1.1/commons-exec-1.1.jar:/Users/miloonken/.m2/repository/org/apache/poi/poi-ooxml/3.13/poi-ooxml-3.13.jar:/Users/miloonken/.m2/repository/org/apache/poi/poi-ooxml-schemas/3.13/poi-ooxml-schemas-3.13.jar:/Users/miloonken/.m2/repository/com/github/redfish4ktc/soapui/soapui/4.0.1.0/soapui-4.0.1.0.jar:/Users/miloonken/.m2/repository/info/cukes/cucumber-java/1.2.4/cucumber-java-1.2.4.jar:/Users/miloonken/.m2/repository/info/cukes/cucumber-junit/1.2.4/cucumber-junit-1.2.4.jar:/Users/miloonken/.m2/repository/info/cukes/cucumber-core/1.2.4/cucumber-core-1.2.4.jar:/Users/miloonken/.m2/repository/info/cukes/cucumber-html/0.2.3/cucumber-html-0.2.3.jar:/Users/miloonken/.m2/repository/info/cukes/cucumber-jvm-deps/1.0.5/cucumber-jvm-deps-1.0.5.jar:/Users/miloonken/.m2/repository/info/cukes/gherkin/2.12.2/gherkin-2.12.2.jar:/Users/miloonken/.m2/repository/com/fasterxml/jackson/core/jackson-core/2.0.2/jackson-core-2.0.2.jar:/Users/miloonken/.m2/repository/com/fasterxml/jackson/core/jackson-databind/2.0.2/jackson-databind-2.0.2.jar:/Users/miloonken/.m2/repository/com/fasterxml/jackson/core/jackson-annotations/2.0.2/jackson-annotations-2.0.2.jar:/Users/miloonken/.m2/repository/com/smartbear/readyapi/ready-api-testserver-client/1.2.1/ready-api-testserver-client-1.2.1.jar:/Users/miloonken/.m2/repository/io/swagger/swagger-annotations/1.5.8/swagger-annotations-1.5.8.jar:/Users/miloonken/.m2/repository/io/swagger/swagger-jaxrs/1.5.8/swagger-jaxrs-1.5.8.jar:/Users/miloonken/.m2/repository/com/fasterxml/jackson/dataformat/jackson-dataformat-yaml/2.4.5/jackson-dataformat-yaml-2.4.5.jar:/Users/miloonken/.m2/repository/com/fasterxml/jackson/dataformat/jackson-dataformat-xml/2.4.5/jackson-dataformat-xml-2.4.5.jar:/Users/miloonken/.m2/repository/com/fasterxml/jackson/module/jackson-module-jaxb-annotations/2.4.5/jackson-module-jaxb-annotations-2.4.5.jar:/Users/miloonken/.m2/repository/org/codehaus/woodstox/stax2-api/3.1.4/stax2-api-3.1.4.jar:/Users/miloonken/.m2/repository/io/swagger/swagger-core/1.5.8/swagger-core-1.5.8.jar:/Users/miloonken/.m2/repository/io/swagger/swagger-models/1.5.8/swagger-models-1.5.8.jar:/Users/miloonken/.m2/repository/javax/validation/validation-api/1.1.0.Final/validation-api-1.1.0.Final.jar:/Users/miloonken/.m2/repository/javax/ws/rs/jsr311-api/1.1.1/jsr311-api-1.1.1.jar:/Users/miloonken/.m2/repository/org/reflections/reflections/0.9.10/reflections-0.9.10.jar:/Users/miloonken/.m2/repository/org/javassist/javassist/3.19.0-GA/javassist-3.19.0-GA.jar:/Users/miloonken/.m2/repository/com/google/code/findbugs/annotations/2.0.1/annotations-2.0.1.jar:/Users/miloonken/.m2/repository/com/fasterxml/jackson/jaxrs/jackson-jaxrs-json-provider/2.4.5/jackson-jaxrs-json-provider-2.4.5.jar:/Users/miloonken/.m2/repository/com/fasterxml/jackson/jaxrs/jackson-jaxrs-base/2.4.5/jackson-jaxrs-base-2.4.5.jar:/Users/miloonken/.m2/repository/com/brsanthu/migbase64/2.2/migbase64-2.2.jar:/Users/miloonken/.m2/repository/com/sun/jersey/jersey-client/1.19/jersey-client-1.19.jar:/Users/miloonken/.m2/repository/com/sun/jersey/jersey-core/1.19/jersey-core-1.19.jar:/Users/miloonken/.m2/repository/com/sun/jersey/contribs/jersey-multipart/1.19/jersey-multipart-1.19.jar:/Users/miloonken/.m2/repository/org/jvnet/mimepull/mimepull/1.9.3/mimepull-1.9.3.jar:/Users/miloonken/.m2/repository/com/fasterxml/jackson/datatype/jackson-datatype-joda/2.4.6/jackson-datatype-joda-2.4.6.jar:/Users/miloonken/.m2/repository/joda-time/joda-time/2.3/joda-time-2.3.jar:/Users/miloonken/.m2/repository/org/apache/commons/commons-lang3/3.3.2/commons-lang3-3.3.2.jar:/Users/miloonken/.m2/repository/org/slf4j/slf4j-simple/1.7.10/slf4j-simple-1.7.10.jar:/Users/miloonken/.m2/repository/org/mockito/mockito-all/1.9.5/mockito-all-1.9.5.jar:/Users/miloonken/.m2/repository/junit-addons/junit-addons/1.4/junit-addons-1.4.jar:/Users/miloonken/.m2/repository/xerces/xercesImpl/2.6.2/xercesImpl-2.6.2.jar:/Users/miloonken/.m2/repository/xerces/xmlParserAPIs/2.6.2/xmlParserAPIs-2.6.2.jar:/Users/miloonken/.p2/pool/plugins/org.junit_4.12.0.v201504281640/junit.jar:/Users/miloonken/.p2/pool/plugins/org.hamcrest.core_1.3.0.v201303031735.jar:/Users/miloonken/dev/selenium-java-3.4.0/lib/cglib-nodep-3.2.4.jar:/Users/miloonken/dev/selenium-java-3.4.0/lib/commons-codec-1.10.jar:/Users/miloonken/dev/selenium-java-3.4.0/lib/commons-exec-1.3.jar:/Users/miloonken/dev/selenium-java-3.4.0/lib/commons-io-2.5.jar:/Users/miloonken/dev/selenium-java-3.4.0/lib/commons-lang3-3.5.jar:/Users/miloonken/dev/selenium-java-3.4.0/lib/commons-logging-1.2.jar:/Users/miloonken/dev/selenium-java-3.4.0/lib/cssparser-0.9.22.jar:/Users/miloonken/dev/selenium-java-3.4.0/lib/gson-2.8.0.jar:/Users/miloonken/dev/selenium-java-3.4.0/lib/guava-21.0.jar:/Users/miloonken/dev/selenium-java-3.4.0/lib/hamcrest-core-1.3.jar:/Users/miloonken/dev/selenium-java-3.4.0/lib/htmlunit-2.26.jar:/Users/miloonken/dev/selenium-java-3.4.0/lib/htmlunit-core-js-2.26.jar:/Users/miloonken/dev/selenium-java-3.4.0/lib/htmlunit-driver-2.26.jar:/Users/miloonken/dev/selenium-java-3.4.0/lib/httpclient-4.5.3.jar:/Users/miloonken/dev/selenium-java-3.4.0/lib/httpcore-4.4.6.jar:/Users/miloonken/dev/selenium-java-3.4.0/lib/httpmime-4.5.3.jar:/Users/miloonken/dev/selenium-java-3.4.0/lib/javax.servlet-api-3.1.0.jar:/Users/miloonken/dev/selenium-java-3.4.0/lib/jetty-io-9.4.1.v20170120.jar:/Users/miloonken/dev/selenium-java-3.4.0/lib/jetty-util-9.4.1.v20170120.jar:/Users/miloonken/dev/selenium-java-3.4.0/lib/jna-4.1.0.jar:/Users/miloonken/dev/selenium-java-3.4.0/lib/jna-platform-4.1.0.jar:/Users/miloonken/dev/selenium-java-3.4.0/lib/junit-4.12.jar:/Users/miloonken/dev/selenium-java-3.4.0/lib/neko-htmlunit-2.25.jar:/Users/miloonken/dev/selenium-java-3.4.0/lib/phantomjsdriver-1.4.0.jar:/Users/miloonken/dev/selenium-java-3.4.0/lib/sac-1.3.jar:/Users/miloonken/dev/selenium-java-3.4.0/lib/serializer-2.7.2.jar:/Users/miloonken/dev/selenium-java-3.4.0/lib/websocket-api-9.4.3.v20170317.jar:/Users/miloonken/dev/selenium-java-3.4.0/lib/websocket-client-9.4.3.v20170317.jar:/Users/miloonken/dev/selenium-java-3.4.0/lib/websocket-common-9.4.3.v20170317.jar:/Users/miloonken/dev/selenium-java-3.4.0/lib/xalan-2.7.2.jar:/Users/miloonken/dev/selenium-java-3.4.0/lib/xercesImpl-2.11.0.jar:/Users/miloonken/dev/selenium-java-3.4.0/lib/xml-apis-1.4.01.jar:/Users/miloonken/dev/selenium-java-3.4.0/client-combined-3.4.0-nodeps.jar:/Users/miloonken/Downloads/java-client-5.0.0-BETA8.jar:/Users/miloonken/.p2/pool/plugins/org.testng.eclipse_6.9.13.201609291640/lib/testng.jar:/Users/miloonken/.p2/pool/plugins/org.testng.eclipse_6.9.13.201609291640/lib/jcommander.jar:/Users/miloonken/.p2/pool/plugins/org.testng.eclipse_6.9.13.201609291640/lib/bsh-2.0b4.jar:/Users/miloonken/.p2/pool/plugins/org.testng.eclipse_6.9.13.201609291640/lib/snakeyaml.jar:/Users/miloonken/.p2/pool/plugins/org.apache.ant_1.9.6.v201510161327/lib/ant-launcher.jar:/Users/miloonken/.p2/pool/plugins/org.apache.ant_1.9.6.v201510161327/lib/ant.jar:/Users/miloonken/.p2/pool/plugins/org.apache.ant_1.9.6.v201510161327/lib/ant-junit.jar:/Users/miloonken/.p2/pool/plugins/org.apache.ant_1.9.6.v201510161327/lib/ant-junit4.jar" />
    <property name="ant.version" value="Apache Ant(TM) version 1.9.6 compiled on June 29 2015" />
    <property name="java.vm.specification.name" value="Java Virtual Machine Specification" />
    <property name="ant.file.MavenJavaProject" value="/Users/miloonken/selenium/MavenJavaProject/MavenJavaProject/build.xml" />
    <property name="java.vm.specification.version" value="1.8" />
    <property name="sun.cpu.endian" value="little" />
    <property name="sun.os.patch.level" value="unknown" />
    <property name="env.HOME" value="/Users/miloonken" />
    <property name="debuglevel" value="source,lines,vars" />
    <property name="env.ANT_HOME" value="/Users/miloonken/.p2/pool/plugins/org.apache.ant_1.9.6.v201510161327" />
    <property name="java.io.tmpdir" value="/var/folders/8q/vvxz_q1d0v7c9g18whkld6bm0000gn/T/" />
    <property name="eclipse.pdebuild.home" value="/Users/miloonken/eclipse/java-mars/Eclipse.app/Contents/MacOS/../../../../../.p2/pool/plugins/org.eclipse.pde.build_3.9.100.v20150521-1524/.//" />
    <property name="java.vendor.url.bug" value="http://bugreport.sun.com/bugreport/" />
    <property name="env.SSH_AUTH_SOCK" value="/private/tmp/com.apple.launchd.aoRLCvAHXr/Listeners" />
    <property name="os.arch" value="x86_64" />
    <property name="java.awt.graphicsenv" value="sun.awt.CGraphicsEnvironment" />
    <property name="java.ext.dirs" value="/Users/miloonken/Library/Java/Extensions:/Library/Java/JavaVirtualMachines/jdk1.8.0_65.jdk/Contents/Home/jre/lib/ext:/Library/Java/Extensions:/Network/Library/Java/Extensions:/System/Library/Java/Extensions:/usr/lib/java" />
    <property name="user.dir" value="/Users/miloonken/selenium/MavenJavaProject/MavenJavaProject" />
    <property name="line.separator" value="&#xa;" />
    <property name="java.vm.name" value="Java HotSpot(TM) 64-Bit Server VM" />
    <property name="basedir" value="/Users/miloonken/selenium/MavenJavaProject/MavenJavaProject" />
    <property name="ant.java.version" value="1.8" />
    <property name="ant.core.lib" value="/Users/miloonken/.p2/pool/plugins/org.apache.ant_1.9.6.v201510161327/lib/ant.jar" />
    <property name="source" value="1.8" />
    <property name="file.encoding" value="UTF-8" />
    <property name="java.specification.version" value="1.8" />
    <property name="ant.project.invoked-targets" value="build,CodingChallenge,junitreport" />
  </properties>
  <testcase classname="CodingChallenge.CodingChallenge01" name="GetPageTitle" time="9.833" />
  <system-out><![CDATA[Completed Test Case CodingChallenge01 Date:  2017-10-13 13_46_58.355
Total number of tests Run Count2
]]></system-out>
  <system-err><![CDATA[Starting ChromeDriver 2.24.417412 (ac882d3ce7c0d99292439bf3405780058fcca0a6) on port 13664
Only local connections are allowed.
log4j:WARN No appenders could be found for logger (org.apache.http.client.protocol.RequestAddCookies).
log4j:WARN Please initialize the log4j system properly.
log4j:WARN See http://logging.apache.org/log4j/1.2/faq.html#noconfig for more info.
]]></system-err>
</testsuite>
