<?xml version="1.0" encoding="UTF-8"?>
<!-- Generated by org.testng.reporters.JUnitReportReporter -->
<testsuite skipped="0" hostname="Milos-MBP.attlocal.net" name="ParameterizedTesting.DataDrivenTest" tests="5" failures="0" timestamp="1 Nov 2017 02:07:34 GMT" time="21.565" errors="0">
  <testcase name="testLogin" time="3.426" classname="ParameterizedTesting.DataDrivenTest"/>
  <testcase name="testLogin" time="3.564" classname="ParameterizedTesting.DataDrivenTest"/>
  <testcase name="testLogin" time="6.936" classname="ParameterizedTesting.DataDrivenTest"/>
  <testcase name="testLogin" time="4.132" classname="ParameterizedTesting.DataDrivenTest"/>
  <testcase name="testLogin" time="3.507" classname="ParameterizedTesting.DataDrivenTest"/>
</testsuite> <!-- ParameterizedTesting.DataDrivenTest -->
