<?xml version="1.0" encoding="UTF-8"?>
<!-- Generated by org.testng.reporters.JUnitReportReporter -->
<testsuite skipped="0" hostname="Milos-MBP.attlocal.net" name="DataDriver.ReadDataTest" tests="1" failures="0" timestamp="1 Nov 2017 02:08:09 GMT" time="0.005" errors="0">
  <testcase name="GmailLoginPage" time="0.005" classname="DataDriver.ReadDataTest"/>
</testsuite> <!-- DataDriver.ReadDataTest -->
